0 info it worked if it ends with ok
1 verbose cli [ 'C:\\Program Files\\nodejs\\node.exe',
1 verbose cli   'C:\\Program Files\\nodejs\\node_modules\\npm\\bin\\npm-cli.js',
1 verbose cli   'run',
1 verbose cli   'compile' ]
2 info using npm@3.10.10
3 info using node@v6.11.1
4 verbose run-script [ 'precompile', 'compile', 'postcompile' ]
5 info lifecycle typ@1.0.0~precompile: typ@1.0.0
6 silly lifecycle typ@1.0.0~precompile: no script for precompile, continuing
7 info lifecycle typ@1.0.0~compile: typ@1.0.0
8 verbose lifecycle typ@1.0.0~compile: unsafe-perm in lifecycle true
9 verbose lifecycle typ@1.0.0~compile: PATH: C:\Program Files\nodejs\node_modules\npm\bin\node-gyp-bin;C:\Users\Saulo\typ\node_modules\.bin;C:\ProgramData\Oracle\Java\javapath;C:\Windows\system32;C:\Windows;C:\Windows\System32\Wbem;C:\Windows\System32\WindowsPowerShell\v1.0\;C:\Program Files\Java\jdk1.8.0_121\bin;C:\ProgramData\chocolatey\bin;C:\Program Files\MiKTeX 2.9\miktex\bin\;C:\Program Files\Git\cmd;C:\Program Files\nodejs\;C:\Ruby24\bin;C:\tools\cmder;C:\Users\Saulo\AppData\Local\atom\bin;C:\Users\Saulo\AppData\Roaming\npm;C:\Program Files\Microsoft VS Code\bin
10 verbose lifecycle typ@1.0.0~compile: CWD: C:\Users\Saulo\typ
11 silly lifecycle typ@1.0.0~compile: Args: [ '/d /s /c', 'tsc' ]
12 silly lifecycle typ@1.0.0~compile: Returned: code: 1  signal: null
13 info lifecycle typ@1.0.0~compile: Failed to exec compile script
14 verbose stack Error: typ@1.0.0 compile: `tsc`
14 verbose stack Exit status 1
14 verbose stack     at EventEmitter.<anonymous> (C:\Program Files\nodejs\node_modules\npm\lib\utils\lifecycle.js:255:16)
14 verbose stack     at emitTwo (events.js:106:13)
14 verbose stack     at EventEmitter.emit (events.js:191:7)
14 verbose stack     at ChildProcess.<anonymous> (C:\Program Files\nodejs\node_modules\npm\lib\utils\spawn.js:40:14)
14 verbose stack     at emitTwo (events.js:106:13)
14 verbose stack     at ChildProcess.emit (events.js:191:7)
14 verbose stack     at maybeClose (internal/child_process.js:891:16)
14 verbose stack     at Process.ChildProcess._handle.onexit (internal/child_process.js:226:5)
15 verbose pkgid typ@1.0.0
16 verbose cwd C:\Users\Saulo\typ
17 error Windows_NT 6.1.7601
18 error argv "C:\\Program Files\\nodejs\\node.exe" "C:\\Program Files\\nodejs\\node_modules\\npm\\bin\\npm-cli.js" "run" "compile"
19 error node v6.11.1
20 error npm  v3.10.10
21 error code ELIFECYCLE
22 error typ@1.0.0 compile: `tsc`
22 error Exit status 1
23 error Failed at the typ@1.0.0 compile script 'tsc'.
23 error Make sure you have the latest version of node.js and npm installed.
23 error If you do, this is most likely a problem with the typ package,
23 error not with npm itself.
23 error Tell the author that this fails on your system:
23 error     tsc
23 error You can get information on how to open an issue for this project with:
23 error     npm bugs typ
23 error Or if that isn't available, you can get their info via:
23 error     npm owner ls typ
23 error There is likely additional logging output above.
24 verbose exit [ 1, true ]
